<?xml version="1.0" encoding="UTF-8"?>
<testsuite xmlns:xsi="http://www.w3.org/2001/XMLSchema-instance" xsi:noNamespaceSchemaLocation="https://maven.apache.org/surefire/maven-surefire-plugin/xsd/surefire-test-report.xsd" name="com.yasseensemlali.calculator.PostfixTest" time="0.647" tests="5" errors="0" skipped="0" failures="0">
  <properties>
[...]
</properties>
  <testcase name="testResult[0]" classname="com.yasseensemlali.calculator.PostfixTest$ValidExpressionTest" time="0.029"/>
  <testcase name="testResult[1]" classname="com.yasseensemlali.calculator.PostfixTest$ValidExpressionTest" time="0.009"/>
  <testcase name="testResult[2]" classname="com.yasseensemlali.calculator.PostfixTest$ValidExpressionTest" time="0.013"/>
  <testcase name="testResult[3]" classname="com.yasseensemlali.calculator.PostfixTest$ValidExpressionTest" time="0.029"/>
  <testcase name="testResult[4]" classname="com.yasseensemlali.calculator.PostfixTest$ValidExpressionTest" time="0.011"/>
</testsuite>