<?xml version="1.0" encoding="UTF-8"?>
<testsuite xmlns:xsi="http://www.w3.org/2001/XMLSchema-instance" xsi:noNamespaceSchemaLocation="https://maven.apache.org/surefire/maven-surefire-plugin/xsd/surefire-test-report.xsd" name="com.yasseensemlali.calculator.PostfixTest" time="0.671" tests="5" errors="0" skipped="0" failures="1">
  <properties>
[...]
</properties>
  <testcase name="testResult[0]" classname="com.yasseensemlali.calculator.PostfixTest$ValidExpressionTest" time="0.046"/>
  <testcase name="testResult[1]" classname="com.yasseensemlali.calculator.PostfixTest$ValidExpressionTest" time="0.018"/>
  <testcase name="testResult[2]" classname="com.yasseensemlali.calculator.PostfixTest$ValidExpressionTest" time="0.017"/>
  <testcase name="testResult[3]" classname="com.yasseensemlali.calculator.PostfixTest$ValidExpressionTest" time="0.031">
    <failure message="expected:&lt;[14.7]&gt; but was:&lt;[-178.10000000000002]&gt;" type="org.junit.ComparisonFailure"><![CDATA[org.junit.ComparisonFailure: expected:<[14.7]> but was:<[-178.10000000000002]>
	at com.yasseensemlali.calculator.PostfixTest$ValidExpressionTest.testResult(PostfixTest.java:55)
]]></failure>
    <system-out><![CDATA[[INFO ] 2019-11-24 23:30:07.170 [main] InfixConverter - Converting expression [(, 5.5, -, 9.0, *, 4.0, +, (, 7.0, *, 2.7, -, 3.0, ), *, 6.0, +, 1.0, ), -, 2.0, *, (, 3.8, +, 9.0, ), *, 2.0]
[INFO ] 2019-11-24 23:30:07.170 [main] InfixConverter - Evaluating: (
[DEBUG] 2019-11-24 23:30:07.170 [main] InfixConverter - Current expression queue: []
[DEBUG] 2019-11-24 23:30:07.170 [main] InfixConverter - Current operator stack: []
[DEBUG] 2019-11-24 23:30:07.170 [main] InfixConverter - member is left parenthesis, adding to operator stack
[DEBUG] 2019-11-24 23:30:07.171 [main] InfixConverter - New expression queue: []
[DEBUG] 2019-11-24 23:30:07.171 [main] InfixConverter - New operator stack: [(]
[INFO ] 2019-11-24 23:30:07.171 [main] InfixConverter - Evaluating: 5.5
[DEBUG] 2019-11-24 23:30:07.171 [main] InfixConverter - Current expression queue: []
[DEBUG] 2019-11-24 23:30:07.171 [main] InfixConverter - Current operator stack: [(]
[DEBUG] 2019-11-24 23:30:07.171 [main] InfixConverter - member is operand, adding to expression
[DEBUG] 2019-11-24 23:30:07.171 [main] InfixConverter - New expression queue: [5.5]
[DEBUG] 2019-11-24 23:30:07.171 [main] InfixConverter - New operator stack: [(]
[INFO ] 2019-11-24 23:30:07.171 [main] InfixConverter - Evaluating: -
[DEBUG] 2019-11-24 23:30:07.171 [main] InfixConverter - Current expression queue: [5.5]
[DEBUG] 2019-11-24 23:30:07.171 [main] InfixConverter - Current operator stack: [(]
[DEBUG] 2019-11-24 23:30:07.171 [main] InfixConverter - member is operator
[DEBUG] 2019-11-24 23:30:07.171 [main] InfixConverter - Comparing operand to (
[DEBUG] 2019-11-24 23:30:07.171 [main] InfixConverter - Can follow
[DEBUG] 2019-11-24 23:30:07.171 [main] InfixConverter - Adding operand to operator stack
[DEBUG] 2019-11-24 23:30:07.171 [main] InfixConverter - New expression queue: [5.5]
[DEBUG] 2019-11-24 23:30:07.171 [main] InfixConverter - New operator stack: [(, -]
[INFO ] 2019-11-24 23:30:07.172 [main] InfixConverter - Evaluating: 9.0
[DEBUG] 2019-11-24 23:30:07.172 [main] InfixConverter - Current expression queue: [5.5]
[DEBUG] 2019-11-24 23:30:07.172 [main] InfixConverter - Current operator stack: [(, -]
[DEBUG] 2019-11-24 23:30:07.172 [main] InfixConverter - member is operand, adding to expression
[DEBUG] 2019-11-24 23:30:07.172 [main] InfixConverter - New expression queue: [5.5, 9.0]
[DEBUG] 2019-11-24 23:30:07.172 [main] InfixConverter - New operator stack: [(, -]
[INFO ] 2019-11-24 23:30:07.172 [main] InfixConverter - Evaluating: *
[DEBUG] 2019-11-24 23:30:07.172 [main] InfixConverter - Current expression queue: [5.5, 9.0]
[DEBUG] 2019-11-24 23:30:07.172 [main] InfixConverter - Current operator stack: [(, -]
[DEBUG] 2019-11-24 23:30:07.172 [main] InfixConverter - member is operator
[DEBUG] 2019-11-24 23:30:07.172 [main] InfixConverter - Comparing operand to -
[DEBUG] 2019-11-24 23:30:07.172 [main] InfixConverter - Can follow
[DEBUG] 2019-11-24 23:30:07.172 [main] InfixConverter - Adding operand to operator stack
[DEBUG] 2019-11-24 23:30:07.173 [main] InfixConverter - New expression queue: [5.5, 9.0]
[DEBUG] 2019-11-24 23:30:07.173 [main] InfixConverter - New operator stack: [(, -, *]
[INFO ] 2019-11-24 23:30:07.173 [main] InfixConverter - Evaluating: 4.0
[DEBUG] 2019-11-24 23:30:07.173 [main] InfixConverter - Current expression queue: [5.5, 9.0]
[DEBUG] 2019-11-24 23:30:07.173 [main] InfixConverter - Current operator stack: [(, -, *]
[DEBUG] 2019-11-24 23:30:07.173 [main] InfixConverter - member is operand, adding to expression
[DEBUG] 2019-11-24 23:30:07.173 [main] InfixConverter - New expression queue: [5.5, 9.0, 4.0]
[DEBUG] 2019-11-24 23:30:07.173 [main] InfixConverter - New operator stack: [(, -, *]
[INFO ] 2019-11-24 23:30:07.173 [main] InfixConverter - Evaluating: +
[DEBUG] 2019-11-24 23:30:07.173 [main] InfixConverter - Current expression queue: [5.5, 9.0, 4.0]
[DEBUG] 2019-11-24 23:30:07.173 [main] InfixConverter - Current operator stack: [(, -, *]
[DEBUG] 2019-11-24 23:30:07.173 [main] InfixConverter - member is operator
[DEBUG] 2019-11-24 23:30:07.173 [main] InfixConverter - Comparing operand to *
[DEBUG] 2019-11-24 23:30:07.173 [main] InfixConverter - Can't follow, popping top of operator stack to expression
[DEBUG] 2019-11-24 23:30:07.173 [main] InfixConverter - Adding operand to operator stack
[DEBUG] 2019-11-24 23:30:07.173 [main] InfixConverter - New expression queue: [5.5, 9.0, 4.0, *]
[DEBUG] 2019-11-24 23:30:07.173 [main] InfixConverter - New operator stack: [(, -, +]
[INFO ] 2019-11-24 23:30:07.173 [main] InfixConverter - Evaluating: (
[DEBUG] 2019-11-24 23:30:07.173 [main] InfixConverter - Current expression queue: [5.5, 9.0, 4.0, *]
[DEBUG] 2019-11-24 23:30:07.174 [main] InfixConverter - Current operator stack: [(, -, +]
[DEBUG] 2019-11-24 23:30:07.174 [main] InfixConverter - member is left parenthesis, adding to operator stack
[DEBUG] 2019-11-24 23:30:07.174 [main] InfixConverter - New expression queue: [5.5, 9.0, 4.0, *]
[DEBUG] 2019-11-24 23:30:07.174 [main] InfixConverter - New operator stack: [(, -, +, (]
[INFO ] 2019-11-24 23:30:07.174 [main] InfixConverter - Evaluating: 7.0
[DEBUG] 2019-11-24 23:30:07.174 [main] InfixConverter - Current expression queue: [5.5, 9.0, 4.0, *]
[DEBUG] 2019-11-24 23:30:07.174 [main] InfixConverter - Current operator stack: [(, -, +, (]
[DEBUG] 2019-11-24 23:30:07.174 [main] InfixConverter - member is operand, adding to expression
[DEBUG] 2019-11-24 23:30:07.174 [main] InfixConverter - New expression queue: [5.5, 9.0, 4.0, *, 7.0]
[DEBUG] 2019-11-24 23:30:07.174 [main] InfixConverter - New operator stack: [(, -, +, (]
[INFO ] 2019-11-24 23:30:07.174 [main] InfixConverter - Evaluating: *
[DEBUG] 2019-11-24 23:30:07.174 [main] InfixConverter - Current expression queue: [5.5, 9.0, 4.0, *, 7.0]
[DEBUG] 2019-11-24 23:30:07.174 [main] InfixConverter - Current operator stack: [(, -, +, (]
[DEBUG] 2019-11-24 23:30:07.174 [main] InfixConverter - member is operator
[DEBUG] 2019-11-24 23:30:07.174 [main] InfixConverter - Comparing operand to (
[DEBUG] 2019-11-24 23:30:07.174 [main] InfixConverter - Can follow
[DEBUG] 2019-11-24 23:30:07.174 [main] InfixConverter - Adding operand to operator stack
[DEBUG] 2019-11-24 23:30:07.174 [main] InfixConverter - New expression queue: [5.5, 9.0, 4.0, *, 7.0]
[DEBUG] 2019-11-24 23:30:07.175 [main] InfixConverter - New operator stack: [(, -, +, (, *]
[INFO ] 2019-11-24 23:30:07.175 [main] InfixConverter - Evaluating: 2.7
[DEBUG] 2019-11-24 23:30:07.175 [main] InfixConverter - Current expression queue: [5.5, 9.0, 4.0, *, 7.0]
[DEBUG] 2019-11-24 23:30:07.175 [main] InfixConverter - Current operator stack: [(, -, +, (, *]
[DEBUG] 2019-11-24 23:30:07.175 [main] InfixConverter - member is operand, adding to expression
[DEBUG] 2019-11-24 23:30:07.175 [main] InfixConverter - New expression queue: [5.5, 9.0, 4.0, *, 7.0, 2.7]
[DEBUG] 2019-11-24 23:30:07.175 [main] InfixConverter - New operator stack: [(, -, +, (, *]
[INFO ] 2019-11-24 23:30:07.175 [main] InfixConverter - Evaluating: -
[DEBUG] 2019-11-24 23:30:07.175 [main] InfixConverter - Current expression queue: [5.5, 9.0, 4.0, *, 7.0, 2.7]
[DEBUG] 2019-11-24 23:30:07.175 [main] InfixConverter - Current operator stack: [(, -, +, (, *]
[DEBUG] 2019-11-24 23:30:07.175 [main] InfixConverter - member is operator
[DEBUG] 2019-11-24 23:30:07.175 [main] InfixConverter - Comparing operand to *
[DEBUG] 2019-11-24 23:30:07.175 [main] InfixConverter - Can't follow, popping top of operator stack to expression
[DEBUG] 2019-11-24 23:30:07.175 [main] InfixConverter - Adding operand to operator stack
[DEBUG] 2019-11-24 23:30:07.175 [main] InfixConverter - New expression queue: [5.5, 9.0, 4.0, *, 7.0, 2.7, *]
[DEBUG] 2019-11-24 23:30:07.175 [main] InfixConverter - New operator stack: [(, -, +, (, -]
[INFO ] 2019-11-24 23:30:07.175 [main] InfixConverter - Evaluating: 3.0
[DEBUG] 2019-11-24 23:30:07.175 [main] InfixConverter - Current expression queue: [5.5, 9.0, 4.0, *, 7.0, 2.7, *]
[DEBUG] 2019-11-24 23:30:07.175 [main] InfixConverter - Current operator stack: [(, -, +, (, -]
[DEBUG] 2019-11-24 23:30:07.175 [main] InfixConverter - member is operand, adding to expression
[DEBUG] 2019-11-24 23:30:07.176 [main] InfixConverter - New expression queue: [5.5, 9.0, 4.0, *, 7.0, 2.7, *, 3.0]
[DEBUG] 2019-11-24 23:30:07.176 [main] InfixConverter - New operator stack: [(, -, +, (, -]
[INFO ] 2019-11-24 23:30:07.176 [main] InfixConverter - Evaluating: )
[DEBUG] 2019-11-24 23:30:07.176 [main] InfixConverter - Current expression queue: [5.5, 9.0, 4.0, *, 7.0, 2.7, *, 3.0]
[DEBUG] 2019-11-24 23:30:07.176 [main] InfixConverter - Current operator stack: [(, -, +, (, -]
[DEBUG] 2019-11-24 23:30:07.176 [main] InfixConverter - member is right parenthesis
[DEBUG] 2019-11-24 23:30:07.176 [main] InfixConverter - Evaluating: -
[DEBUG] 2019-11-24 23:30:07.176 [main] InfixConverter - Popping top of operand stack to expression
[DEBUG] 2019-11-24 23:30:07.176 [main] InfixConverter - Evaluating: (
[DEBUG] 2019-11-24 23:30:07.176 [main] InfixConverter - Encountered left parenthesis, discarding it from operator stack
[DEBUG] 2019-11-24 23:30:07.176 [main] InfixConverter - New expression queue: [5.5, 9.0, 4.0, *, 7.0, 2.7, *, 3.0, -]
[DEBUG] 2019-11-24 23:30:07.176 [main] InfixConverter - New operator stack: [(, -, +]
[INFO ] 2019-11-24 23:30:07.176 [main] InfixConverter - Evaluating: *
[DEBUG] 2019-11-24 23:30:07.176 [main] InfixConverter - Current expression queue: [5.5, 9.0, 4.0, *, 7.0, 2.7, *, 3.0, -]
[DEBUG] 2019-11-24 23:30:07.176 [main] InfixConverter - Current operator stack: [(, -, +]
[DEBUG] 2019-11-24 23:30:07.176 [main] InfixConverter - member is operator
[DEBUG] 2019-11-24 23:30:07.176 [main] InfixConverter - Comparing operand to +
[DEBUG] 2019-11-24 23:30:07.176 [main] InfixConverter - Can follow
[DEBUG] 2019-11-24 23:30:07.176 [main] InfixConverter - Adding operand to operator stack
[DEBUG] 2019-11-24 23:30:07.176 [main] InfixConverter - New expression queue: [5.5, 9.0, 4.0, *, 7.0, 2.7, *, 3.0, -]
[DEBUG] 2019-11-24 23:30:07.178 [main] InfixConverter - New operator stack: [(, -, +, *]
[INFO ] 2019-11-24 23:30:07.178 [main] InfixConverter - Evaluating: 6.0
[DEBUG] 2019-11-24 23:30:07.178 [main] InfixConverter - Current expression queue: [5.5, 9.0, 4.0, *, 7.0, 2.7, *, 3.0, -]
[DEBUG] 2019-11-24 23:30:07.178 [main] InfixConverter - Current operator stack: [(, -, +, *]
[DEBUG] 2019-11-24 23:30:07.178 [main] InfixConverter - member is operand, adding to expression
[DEBUG] 2019-11-24 23:30:07.178 [main] InfixConverter - New expression queue: [5.5, 9.0, 4.0, *, 7.0, 2.7, *, 3.0, -, 6.0]
[DEBUG] 2019-11-24 23:30:07.178 [main] InfixConverter - New operator stack: [(, -, +, *]
[INFO ] 2019-11-24 23:30:07.179 [main] InfixConverter - Evaluating: +
[DEBUG] 2019-11-24 23:30:07.179 [main] InfixConverter - Current expression queue: [5.5, 9.0, 4.0, *, 7.0, 2.7, *, 3.0, -, 6.0]
[DEBUG] 2019-11-24 23:30:07.179 [main] InfixConverter - Current operator stack: [(, -, +, *]
[DEBUG] 2019-11-24 23:30:07.179 [main] InfixConverter - member is operator
[DEBUG] 2019-11-24 23:30:07.179 [main] InfixConverter - Comparing operand to *
[DEBUG] 2019-11-24 23:30:07.179 [main] InfixConverter - Can't follow, popping top of operator stack to expression
[DEBUG] 2019-11-24 23:30:07.179 [main] InfixConverter - Adding operand to operator stack
[DEBUG] 2019-11-24 23:30:07.179 [main] InfixConverter - New expression queue: [5.5, 9.0, 4.0, *, 7.0, 2.7, *, 3.0, -, 6.0, *]
[DEBUG] 2019-11-24 23:30:07.179 [main] InfixConverter - New operator stack: [(, -, +, +]
[INFO ] 2019-11-24 23:30:07.179 [main] InfixConverter - Evaluating: 1.0
[DEBUG] 2019-11-24 23:30:07.179 [main] InfixConverter - Current expression queue: [5.5, 9.0, 4.0, *, 7.0, 2.7, *, 3.0, -, 6.0, *]
[DEBUG] 2019-11-24 23:30:07.179 [main] InfixConverter - Current operator stack: [(, -, +, +]
[DEBUG] 2019-11-24 23:30:07.179 [main] InfixConverter - member is operand, adding to expression
[DEBUG] 2019-11-24 23:30:07.179 [main] InfixConverter - New expression queue: [5.5, 9.0, 4.0, *, 7.0, 2.7, *, 3.0, -, 6.0, *, 1.0]
[DEBUG] 2019-11-24 23:30:07.179 [main] InfixConverter - New operator stack: [(, -, +, +]
[INFO ] 2019-11-24 23:30:07.179 [main] InfixConverter - Evaluating: )
[DEBUG] 2019-11-24 23:30:07.179 [main] InfixConverter - Current expression queue: [5.5, 9.0, 4.0, *, 7.0, 2.7, *, 3.0, -, 6.0, *, 1.0]
[DEBUG] 2019-11-24 23:30:07.179 [main] InfixConverter - Current operator stack: [(, -, +, +]
[DEBUG] 2019-11-24 23:30:07.179 [main] InfixConverter - member is right parenthesis
[DEBUG] 2019-11-24 23:30:07.179 [main] InfixConverter - Evaluating: +
[DEBUG] 2019-11-24 23:30:07.180 [main] InfixConverter - Popping top of operand stack to expression
[DEBUG] 2019-11-24 23:30:07.180 [main] InfixConverter - Evaluating: +
[DEBUG] 2019-11-24 23:30:07.180 [main] InfixConverter - Popping top of operand stack to expression
[DEBUG] 2019-11-24 23:30:07.180 [main] InfixConverter - Evaluating: -
[DEBUG] 2019-11-24 23:30:07.180 [main] InfixConverter - Popping top of operand stack to expression
[DEBUG] 2019-11-24 23:30:07.180 [main] InfixConverter - Evaluating: (
[DEBUG] 2019-11-24 23:30:07.180 [main] InfixConverter - Encountered left parenthesis, discarding it from operator stack
[DEBUG] 2019-11-24 23:30:07.180 [main] InfixConverter - New expression queue: [5.5, 9.0, 4.0, *, 7.0, 2.7, *, 3.0, -, 6.0, *, 1.0, +, +, -]
[DEBUG] 2019-11-24 23:30:07.180 [main] InfixConverter - New operator stack: []
[INFO ] 2019-11-24 23:30:07.180 [main] InfixConverter - Evaluating: -
[DEBUG] 2019-11-24 23:30:07.181 [main] InfixConverter - Current expression queue: [5.5, 9.0, 4.0, *, 7.0, 2.7, *, 3.0, -, 6.0, *, 1.0, +, +, -]
[DEBUG] 2019-11-24 23:30:07.181 [main] InfixConverter - Current operator stack: []
[DEBUG] 2019-11-24 23:30:07.181 [main] InfixConverter - member is operator
[DEBUG] 2019-11-24 23:30:07.181 [main] InfixConverter - Adding operand to operator stack
[DEBUG] 2019-11-24 23:30:07.181 [main] InfixConverter - New expression queue: [5.5, 9.0, 4.0, *, 7.0, 2.7, *, 3.0, -, 6.0, *, 1.0, +, +, -]
[DEBUG] 2019-11-24 23:30:07.181 [main] InfixConverter - New operator stack: [-]
[INFO ] 2019-11-24 23:30:07.181 [main] InfixConverter - Evaluating: 2.0
[DEBUG] 2019-11-24 23:30:07.181 [main] InfixConverter - Current expression queue: [5.5, 9.0, 4.0, *, 7.0, 2.7, *, 3.0, -, 6.0, *, 1.0, +, +, -]
[DEBUG] 2019-11-24 23:30:07.181 [main] InfixConverter - Current operator stack: [-]
[DEBUG] 2019-11-24 23:30:07.181 [main] InfixConverter - member is operand, adding to expression
[DEBUG] 2019-11-24 23:30:07.181 [main] InfixConverter - New expression queue: [5.5, 9.0, 4.0, *, 7.0, 2.7, *, 3.0, -, 6.0, *, 1.0, +, +, -, 2.0]
[DEBUG] 2019-11-24 23:30:07.182 [main] InfixConverter - New operator stack: [-]
[INFO ] 2019-11-24 23:30:07.182 [main] InfixConverter - Evaluating: *
[DEBUG] 2019-11-24 23:30:07.182 [main] InfixConverter - Current expression queue: [5.5, 9.0, 4.0, *, 7.0, 2.7, *, 3.0, -, 6.0, *, 1.0, +, +, -, 2.0]
[DEBUG] 2019-11-24 23:30:07.182 [main] InfixConverter - Current operator stack: [-]
[DEBUG] 2019-11-24 23:30:07.182 [main] InfixConverter - member is operator
[DEBUG] 2019-11-24 23:30:07.182 [main] InfixConverter - Comparing operand to -
[DEBUG] 2019-11-24 23:30:07.182 [main] InfixConverter - Can follow
[DEBUG] 2019-11-24 23:30:07.182 [main] InfixConverter - Adding operand to operator stack
[DEBUG] 2019-11-24 23:30:07.182 [main] InfixConverter - New expression queue: [5.5, 9.0, 4.0, *, 7.0, 2.7, *, 3.0, -, 6.0, *, 1.0, +, +, -, 2.0]
[DEBUG] 2019-11-24 23:30:07.182 [main] InfixConverter - New operator stack: [-, *]
[INFO ] 2019-11-24 23:30:07.182 [main] InfixConverter - Evaluating: (
[DEBUG] 2019-11-24 23:30:07.182 [main] InfixConverter - Current expression queue: [5.5, 9.0, 4.0, *, 7.0, 2.7, *, 3.0, -, 6.0, *, 1.0, +, +, -, 2.0]
[DEBUG] 2019-11-24 23:30:07.182 [main] InfixConverter - Current operator stack: [-, *]
[DEBUG] 2019-11-24 23:30:07.182 [main] InfixConverter - member is left parenthesis, adding to operator stack
[DEBUG] 2019-11-24 23:30:07.182 [main] InfixConverter - New expression queue: [5.5, 9.0, 4.0, *, 7.0, 2.7, *, 3.0, -, 6.0, *, 1.0, +, +, -, 2.0]
[DEBUG] 2019-11-24 23:30:07.182 [main] InfixConverter - New operator stack: [-, *, (]
[INFO ] 2019-11-24 23:30:07.182 [main] InfixConverter - Evaluating: 3.8
[DEBUG] 2019-11-24 23:30:07.182 [main] InfixConverter - Current expression queue: [5.5, 9.0, 4.0, *, 7.0, 2.7, *, 3.0, -, 6.0, *, 1.0, +, +, -, 2.0]
[DEBUG] 2019-11-24 23:30:07.182 [main] InfixConverter - Current operator stack: [-, *, (]
[DEBUG] 2019-11-24 23:30:07.182 [main] InfixConverter - member is operand, adding to expression
[DEBUG] 2019-11-24 23:30:07.182 [main] InfixConverter - New expression queue: [5.5, 9.0, 4.0, *, 7.0, 2.7, *, 3.0, -, 6.0, *, 1.0, +, +, -, 2.0, 3.8]
[DEBUG] 2019-11-24 23:30:07.182 [main] InfixConverter - New operator stack: [-, *, (]
[INFO ] 2019-11-24 23:30:07.182 [main] InfixConverter - Evaluating: +
[DEBUG] 2019-11-24 23:30:07.183 [main] InfixConverter - Current expression queue: [5.5, 9.0, 4.0, *, 7.0, 2.7, *, 3.0, -, 6.0, *, 1.0, +, +, -, 2.0, 3.8]
[DEBUG] 2019-11-24 23:30:07.183 [main] InfixConverter - Current operator stack: [-, *, (]
[DEBUG] 2019-11-24 23:30:07.183 [main] InfixConverter - member is operator
[DEBUG] 2019-11-24 23:30:07.183 [main] InfixConverter - Comparing operand to (
[DEBUG] 2019-11-24 23:30:07.184 [main] InfixConverter - Can follow
[DEBUG] 2019-11-24 23:30:07.184 [main] InfixConverter - Adding operand to operator stack
[DEBUG] 2019-11-24 23:30:07.185 [main] InfixConverter - New expression queue: [5.5, 9.0, 4.0, *, 7.0, 2.7, *, 3.0, -, 6.0, *, 1.0, +, +, -, 2.0, 3.8]
[DEBUG] 2019-11-24 23:30:07.185 [main] InfixConverter - New operator stack: [-, *, (, +]
[INFO ] 2019-11-24 23:30:07.185 [main] InfixConverter - Evaluating: 9.0
[DEBUG] 2019-11-24 23:30:07.186 [main] InfixConverter - Current expression queue: [5.5, 9.0, 4.0, *, 7.0, 2.7, *, 3.0, -, 6.0, *, 1.0, +, +, -, 2.0, 3.8]
[DEBUG] 2019-11-24 23:30:07.186 [main] InfixConverter - Current operator stack: [-, *, (, +]
[DEBUG] 2019-11-24 23:30:07.186 [main] InfixConverter - member is operand, adding to expression
[DEBUG] 2019-11-24 23:30:07.186 [main] InfixConverter - New expression queue: [5.5, 9.0, 4.0, *, 7.0, 2.7, *, 3.0, -, 6.0, *, 1.0, +, +, -, 2.0, 3.8, 9.0]
[DEBUG] 2019-11-24 23:30:07.186 [main] InfixConverter - New operator stack: [-, *, (, +]
[INFO ] 2019-11-24 23:30:07.186 [main] InfixConverter - Evaluating: )
[DEBUG] 2019-11-24 23:30:07.186 [main] InfixConverter - Current expression queue: [5.5, 9.0, 4.0, *, 7.0, 2.7, *, 3.0, -, 6.0, *, 1.0, +, +, -, 2.0, 3.8, 9.0]
[DEBUG] 2019-11-24 23:30:07.186 [main] InfixConverter - Current operator stack: [-, *, (, +]
[DEBUG] 2019-11-24 23:30:07.186 [main] InfixConverter - member is right parenthesis
[DEBUG] 2019-11-24 23:30:07.186 [main] InfixConverter - Evaluating: +
[DEBUG] 2019-11-24 23:30:07.186 [main] InfixConverter - Popping top of operand stack to expression
[DEBUG] 2019-11-24 23:30:07.186 [main] InfixConverter - Evaluating: (
[DEBUG] 2019-11-24 23:30:07.186 [main] InfixConverter - Encountered left parenthesis, discarding it from operator stack
[DEBUG] 2019-11-24 23:30:07.186 [main] InfixConverter - New expression queue: [5.5, 9.0, 4.0, *, 7.0, 2.7, *, 3.0, -, 6.0, *, 1.0, +, +, -, 2.0, 3.8, 9.0, +]
[DEBUG] 2019-11-24 23:30:07.186 [main] InfixConverter - New operator stack: [-, *]
[INFO ] 2019-11-24 23:30:07.186 [main] InfixConverter - Evaluating: *
[DEBUG] 2019-11-24 23:30:07.187 [main] InfixConverter - Current expression queue: [5.5, 9.0, 4.0, *, 7.0, 2.7, *, 3.0, -, 6.0, *, 1.0, +, +, -, 2.0, 3.8, 9.0, +]
[DEBUG] 2019-11-24 23:30:07.187 [main] InfixConverter - Current operator stack: [-, *]
[DEBUG] 2019-11-24 23:30:07.187 [main] InfixConverter - member is operator
[DEBUG] 2019-11-24 23:30:07.187 [main] InfixConverter - Comparing operand to *
[DEBUG] 2019-11-24 23:30:07.187 [main] InfixConverter - Can't follow, popping top of operator stack to expression
[DEBUG] 2019-11-24 23:30:07.187 [main] InfixConverter - Adding operand to operator stack
[DEBUG] 2019-11-24 23:30:07.187 [main] InfixConverter - New expression queue: [5.5, 9.0, 4.0, *, 7.0, 2.7, *, 3.0, -, 6.0, *, 1.0, +, +, -, 2.0, 3.8, 9.0, +, *]
[DEBUG] 2019-11-24 23:30:07.187 [main] InfixConverter - New operator stack: [-, *]
[INFO ] 2019-11-24 23:30:07.189 [main] InfixConverter - Evaluating: 2.0
[DEBUG] 2019-11-24 23:30:07.189 [main] InfixConverter - Current expression queue: [5.5, 9.0, 4.0, *, 7.0, 2.7, *, 3.0, -, 6.0, *, 1.0, +, +, -, 2.0, 3.8, 9.0, +, *]
[DEBUG] 2019-11-24 23:30:07.189 [main] InfixConverter - Current operator stack: [-, *]
[DEBUG] 2019-11-24 23:30:07.189 [main] InfixConverter - member is operand, adding to expression
[DEBUG] 2019-11-24 23:30:07.189 [main] InfixConverter - New expression queue: [5.5, 9.0, 4.0, *, 7.0, 2.7, *, 3.0, -, 6.0, *, 1.0, +, +, -, 2.0, 3.8, 9.0, +, *, 2.0]
[DEBUG] 2019-11-24 23:30:07.189 [main] InfixConverter - New operator stack: [-, *]
[DEBUG] 2019-11-24 23:30:07.189 [main] InfixConverter - Adding * to expression
[DEBUG] 2019-11-24 23:30:07.190 [main] InfixConverter - Adding - to expression
[INFO ] 2019-11-24 23:30:07.190 [main] InfixConverter - Final expression: [5.5, 9.0, 4.0, *, 7.0, 2.7, *, 3.0, -, 6.0, *, 1.0, +, +, -, 2.0, 3.8, 9.0, +, *, 2.0, *, -]
[INFO ] 2019-11-24 23:30:07.190 [main] InfixConverter - Evaluating expression: [5.5, 9.0, 4.0, *, 7.0, 2.7, *, 3.0, -, 6.0, *, 1.0, +, +, -, 2.0, 3.8, 9.0, +, *, 2.0, *, -]
[INFO ] 2019-11-24 23:30:07.190 [main] InfixConverter - Evaluating: 5.5
[DEBUG] 2019-11-24 23:30:07.190 [main] InfixConverter - member is operand, adding to result stack
[INFO ] 2019-11-24 23:30:07.190 [main] InfixConverter - Evaluating: 9.0
[DEBUG] 2019-11-24 23:30:07.190 [main] InfixConverter - member is operand, adding to result stack
[INFO ] 2019-11-24 23:30:07.190 [main] InfixConverter - Evaluating: 4.0
[DEBUG] 2019-11-24 23:30:07.190 [main] InfixConverter - member is operand, adding to result stack
[INFO ] 2019-11-24 23:30:07.190 [main] InfixConverter - Evaluating: *
[DEBUG] 2019-11-24 23:30:07.190 [main] InfixConverter - member is operand
[DEBUG] 2019-11-24 23:30:07.190 [main] InfixConverter - Applying operator * on 9.0 and 4.0
[INFO ] 2019-11-24 23:30:07.190 [main] InfixConverter - Evaluating: 7.0
[DEBUG] 2019-11-24 23:30:07.190 [main] InfixConverter - member is operand, adding to result stack
[INFO ] 2019-11-24 23:30:07.190 [main] InfixConverter - Evaluating: 2.7
[DEBUG] 2019-11-24 23:30:07.190 [main] InfixConverter - member is operand, adding to result stack
[INFO ] 2019-11-24 23:30:07.190 [main] InfixConverter - Evaluating: *
[DEBUG] 2019-11-24 23:30:07.190 [main] InfixConverter - member is operand
[DEBUG] 2019-11-24 23:30:07.190 [main] InfixConverter - Applying operator * on 7.0 and 2.7
[INFO ] 2019-11-24 23:30:07.190 [main] InfixConverter - Evaluating: 3.0
[DEBUG] 2019-11-24 23:30:07.190 [main] InfixConverter - member is operand, adding to result stack
[INFO ] 2019-11-24 23:30:07.190 [main] InfixConverter - Evaluating: -
[DEBUG] 2019-11-24 23:30:07.190 [main] InfixConverter - member is operand
[DEBUG] 2019-11-24 23:30:07.190 [main] InfixConverter - Applying operator - on 18.900000000000002 and 3.0
[INFO ] 2019-11-24 23:30:07.190 [main] InfixConverter - Evaluating: 6.0
[DEBUG] 2019-11-24 23:30:07.190 [main] InfixConverter - member is operand, adding to result stack
[INFO ] 2019-11-24 23:30:07.191 [main] InfixConverter - Evaluating: *
[DEBUG] 2019-11-24 23:30:07.191 [main] InfixConverter - member is operand
[DEBUG] 2019-11-24 23:30:07.191 [main] InfixConverter - Applying operator * on 15.900000000000002 and 6.0
[INFO ] 2019-11-24 23:30:07.191 [main] InfixConverter - Evaluating: 1.0
[DEBUG] 2019-11-24 23:30:07.191 [main] InfixConverter - member is operand, adding to result stack
[INFO ] 2019-11-24 23:30:07.191 [main] InfixConverter - Evaluating: +
[DEBUG] 2019-11-24 23:30:07.191 [main] InfixConverter - member is operand
[DEBUG] 2019-11-24 23:30:07.191 [main] InfixConverter - Applying operator + on 95.4 and 1.0
[INFO ] 2019-11-24 23:30:07.191 [main] InfixConverter - Evaluating: +
[DEBUG] 2019-11-24 23:30:07.191 [main] InfixConverter - member is operand
[DEBUG] 2019-11-24 23:30:07.191 [main] InfixConverter - Applying operator + on 36.0 and 96.4
[INFO ] 2019-11-24 23:30:07.191 [main] InfixConverter - Evaluating: -
[DEBUG] 2019-11-24 23:30:07.191 [main] InfixConverter - member is operand
[DEBUG] 2019-11-24 23:30:07.191 [main] InfixConverter - Applying operator - on 5.5 and 132.4
[INFO ] 2019-11-24 23:30:07.191 [main] InfixConverter - Evaluating: 2.0
[DEBUG] 2019-11-24 23:30:07.191 [main] InfixConverter - member is operand, adding to result stack
[INFO ] 2019-11-24 23:30:07.191 [main] InfixConverter - Evaluating: 3.8
[DEBUG] 2019-11-24 23:30:07.191 [main] InfixConverter - member is operand, adding to result stack
[INFO ] 2019-11-24 23:30:07.191 [main] InfixConverter - Evaluating: 9.0
[DEBUG] 2019-11-24 23:30:07.191 [main] InfixConverter - member is operand, adding to result stack
[INFO ] 2019-11-24 23:30:07.191 [main] InfixConverter - Evaluating: +
[DEBUG] 2019-11-24 23:30:07.191 [main] InfixConverter - member is operand
[DEBUG] 2019-11-24 23:30:07.191 [main] InfixConverter - Applying operator + on 3.8 and 9.0
[INFO ] 2019-11-24 23:30:07.192 [main] InfixConverter - Evaluating: *
[DEBUG] 2019-11-24 23:30:07.192 [main] InfixConverter - member is operand
[DEBUG] 2019-11-24 23:30:07.192 [main] InfixConverter - Applying operator * on 2.0 and 12.8
[INFO ] 2019-11-24 23:30:07.192 [main] InfixConverter - Evaluating: 2.0
[DEBUG] 2019-11-24 23:30:07.192 [main] InfixConverter - member is operand, adding to result stack
[INFO ] 2019-11-24 23:30:07.192 [main] InfixConverter - Evaluating: *
[DEBUG] 2019-11-24 23:30:07.192 [main] InfixConverter - member is operand
[DEBUG] 2019-11-24 23:30:07.192 [main] InfixConverter - Applying operator * on 25.6 and 2.0
[INFO ] 2019-11-24 23:30:07.192 [main] InfixConverter - Evaluating: -
[DEBUG] 2019-11-24 23:30:07.192 [main] InfixConverter - member is operand
[DEBUG] 2019-11-24 23:30:07.193 [main] InfixConverter - Applying operator - on -126.9 and 51.2
[INFO ] 2019-11-24 23:30:07.193 [main] InfixConverter - Result: -178.10000000000002
]]></system-out>
  </testcase>
  <testcase name="testResult[4]" classname="com.yasseensemlali.calculator.PostfixTest$ValidExpressionTest" time="0.015"/>
</testsuite>